Connecting to database specified by database.yml
Compiled jquery.js  (2ms)  (pid 11686)
Compiled jquery_ujs.js  (0ms)  (pid 11686)
Compiled twitter/bootstrap/bootstrap-transition.js  (0ms)  (pid 11686)
Compiled twitter/bootstrap/bootstrap-alert.js  (0ms)  (pid 11686)
Compiled twitter/bootstrap/bootstrap-modal.js  (0ms)  (pid 11686)
Compiled twitter/bootstrap/bootstrap-dropdown.js  (0ms)  (pid 11686)
Compiled twitter/bootstrap/bootstrap-scrollspy.js  (0ms)  (pid 11686)
Compiled twitter/bootstrap/bootstrap-tab.js  (0ms)  (pid 11686)
Compiled twitter/bootstrap/bootstrap-tooltip.js  (36ms)  (pid 11686)
Compiled twitter/bootstrap/bootstrap-popover.js  (0ms)  (pid 11686)
Compiled twitter/bootstrap/bootstrap-button.js  (0ms)  (pid 11686)
Compiled twitter/bootstrap/bootstrap-collapse.js  (0ms)  (pid 11686)
Compiled twitter/bootstrap/bootstrap-carousel.js  (0ms)  (pid 11686)
Compiled twitter/bootstrap/bootstrap-typeahead.js  (0ms)  (pid 11686)
Compiled twitter/bootstrap/bootstrap-affix.js  (0ms)  (pid 11686)
Compiled twitter/bootstrap.js  (116ms)  (pid 11686)
Compiled blogs.js  (92ms)  (pid 11686)
Compiled bootstrap.js  (5ms)  (pid 11686)
Compiled comments.js  (0ms)  (pid 11686)
Compiled gmaps4rails/gmaps4rails.base.js  (92ms)  (pid 11686)
Compiled gmaps4rails/gmaps4rails.bing.js  (20ms)  (pid 11686)
Compiled gmaps4rails/gmaps4rails.googlemaps.js  (25ms)  (pid 11686)
Compiled gmaps4rails/gmaps4rails.mapquest.js  (14ms)  (pid 11686)
Compiled gmaps4rails/gmaps4rails.openlayers.js  (18ms)  (pid 11686)
Compiled home.js  (0ms)  (pid 11686)
Compiled items.js  (0ms)  (pid 11686)
Compiled locations.js  (0ms)  (pid 11686)
Compiled application.js  (629ms)  (pid 11686)
Compiled bootstrap_and_overrides.css  (918ms)  (pid 11686)
Compiled blogs.css  (38ms)  (pid 11686)
Compiled comments.css  (1ms)  (pid 11686)
Compiled gmaps4rails.css  (0ms)  (pid 11686)
Compiled home.css  (1ms)  (pid 11686)
Compiled items.css  (1ms)  (pid 11686)
Compiled locations.css  (1ms)  (pid 11686)
Compiled scaffolds.css  (53ms)  (pid 11686)
Compiled testblog of application.css  (0ms)  (pid 11686)
Compiled application.css  (1119ms)  (pid 11686)
